15:11:57.417 [main] INFO  com.easy.tom.App - Starting App on DESKTOP-DH2EUDA with PID 113708 (D:\_____tom\Tom\target\classes started by zzw in D:\_____tom\Tom)
15:11:57.423 [main] DEBUG com.easy.tom.App - Running with Spring Boot v1.4.0.RELEASE, Spring v4.3.2.RELEASE
15:11:57.423 [main] INFO  com.easy.tom.App - No active profile set, falling back to default profiles: default
15:12:05.120 [localhost-startStop-1] INFO  com.easy.tom.conf.DruidConfig - init Druid Servlet Configuration 
15:12:06.659 [main] WARN  o.t.templatemode.TemplateMode - [THYMELEAF][main] Template Mode 'HTML5' is deprecated. Using Template Mode 'HTML' instead.
15:12:11.149 [main] INFO  com.easy.tom.App - Started App in 16.707 seconds (JVM running for 31.845)
15:24:07.150 [http-nio-8821-exec-1] DEBUG c.e.t.s.m.U.findUserByUserName - ==>  Preparing: select * from u_user where userName=? 
15:24:07.367 [http-nio-8821-exec-1] DEBUG c.e.t.s.m.U.findUserByUserName - ==> Parameters: tom(String)
15:24:07.559 [http-nio-8821-exec-1] DEBUG c.e.t.s.m.U.findUserByUserName - <==      Total: 1
15:24:07.621 [authentication%0043ache.data] ERROR n.s.e.store.disk.DiskStorageFactory - Disk Write of tom failed: 
java.io.NotSerializableException: org.apache.shiro.util.SimpleByteSource
	at java.io.ObjectOutputStream.writeObject0(ObjectOutputStream.java:1184)
	at java.io.ObjectOutputStream.defaultWriteFields(ObjectOutputStream.java:1548)
	at java.io.ObjectOutputStream.writeSerialData(ObjectOutputStream.java:1509)
	at java.io.ObjectOutputStream.writeOrdinaryObject(ObjectOutputStream.java:1432)
	at java.io.ObjectOutputStream.writeObject0(ObjectOutputStream.java:1178)
	at java.io.ObjectOutputStream.defaultWriteFields(ObjectOutputStream.java:1548)
	at java.io.ObjectOutputStream.defaultWriteObject(ObjectOutputStream.java:441)
	at net.sf.ehcache.Element.writeObject(Element.java:875)
	at sun.reflect.NativeMethodAccessorImpl.invoke0(Native Method)
	at sun.reflect.NativeMethodAccessorImpl.invoke(NativeMethodAccessorImpl.java:62)
	at sun.reflect.DelegatingMethodAccessorImpl.invoke(DelegatingMethodAccessorImpl.java:43)
	at java.lang.reflect.Method.invoke(Method.java:498)
	at java.io.ObjectStreamClass.invokeWriteObject(ObjectStreamClass.java:1028)
	at java.io.ObjectOutputStream.writeSerialData(ObjectOutputStream.java:1496)
	at java.io.ObjectOutputStream.writeOrdinaryObject(ObjectOutputStream.java:1432)
	at java.io.ObjectOutputStream.writeObject0(ObjectOutputStream.java:1178)
	at java.io.ObjectOutputStream.writeObject(ObjectOutputStream.java:348)
	at net.sf.ehcache.util.MemoryEfficientByteArrayOutputStream.serialize(MemoryEfficientByteArrayOutputStream.java:97)
	at net.sf.ehcache.store.disk.DiskStorageFactory.serializeElement(DiskStorageFactory.java:403)
	at net.sf.ehcache.store.disk.DiskStorageFactory.write(DiskStorageFactory.java:385)
	at net.sf.ehcache.store.disk.DiskStorageFactory$DiskWriteTask.call(DiskStorageFactory.java:477)
	at net.sf.ehcache.store.disk.DiskStorageFactory$PersistentDiskWriteTask.call(DiskStorageFactory.java:1071)
	at net.sf.ehcache.store.disk.DiskStorageFactory$PersistentDiskWriteTask.call(DiskStorageFactory.java:1055)
	at java.util.concurrent.FutureTask.run(FutureTask.java:266)
	at java.util.concurrent.ScheduledThreadPoolExecutor$ScheduledFutureTask.access$201(ScheduledThreadPoolExecutor.java:180)
	at java.util.concurrent.ScheduledThreadPoolExecutor$ScheduledFutureTask.run(ScheduledThreadPoolExecutor.java:293)
	at java.util.concurrent.ThreadPoolExecutor.runWorker(ThreadPoolExecutor.java:1149)
	at java.util.concurrent.ThreadPoolExecutor$Worker.run(ThreadPoolExecutor.java:624)
	at java.lang.Thread.run(Thread.java:748)
15:24:08.590 [http-nio-8821-exec-9] DEBUG c.e.t.s.m.U.findActionAliasByUserId - ==>  Preparing: select roles name from sys_role WHERE userId=? 
15:24:08.591 [http-nio-8821-exec-9] DEBUG c.e.t.s.m.U.findActionAliasByUserId - ==> Parameters: c834c396e98545c4bc2bf2a119fb1829(String)
15:24:08.848 [http-nio-8821-exec-9] DEBUG c.e.t.s.m.U.findActionAliasByUserId - <==      Total: 0
15:25:29.073 [http-nio-8821-exec-5] DEBUG c.e.t.m.b.mapper.BscMapper.findList - ==>  Preparing: select * from stu_bsc ORDER BY CREATETIME DESC LIMIT ?,? 
15:25:29.076 [http-nio-8821-exec-5] DEBUG c.e.t.m.b.mapper.BscMapper.findList - ==> Parameters: 0(Integer), 10(Integer)
15:25:29.214 [http-nio-8821-exec-5] DEBUG c.e.t.m.b.mapper.BscMapper.findList - <==      Total: 7
15:25:29.215 [http-nio-8821-exec-5] DEBUG c.e.t.m.b.mapper.BscMapper.findTotal - ==>  Preparing: select COUNT(DISTINCT BSCID) from stu_bsc 
15:25:29.217 [http-nio-8821-exec-5] DEBUG c.e.t.m.b.mapper.BscMapper.findTotal - ==> Parameters: 
15:25:29.291 [http-nio-8821-exec-5] DEBUG c.e.t.m.b.mapper.BscMapper.findTotal - <==      Total: 1
